<?xml version="1.0" encoding="UTF-8"?>
<!-- Generated by org.testng.reporters.JUnitReportReporter -->
<testsuite name="driverFactory.TestScript" tests="2" time="146.143" ignored="0" failures="0" timestamp="11 May 2022 21:32:46 GMT" skipped="0" hostname="DESKTOP-SAUTVKD" errors="0">
  <testcase name="validateEmp" time="68.538" classname="driverFactory.TestScript"/>
  <testcase name="validateUser" time="77.605" classname="driverFactory.TestScript"/>
</testsuite> <!-- driverFactory.TestScript -->
